2026-06-20 14:51:09.973968 ==============================================================================
2026-06-20 14:51:10.033357 Tests
2026-06-20 14:51:10.033576 ==============================================================================
2026-06-20 14:51:10.033603 Tests.01 UI
2026-06-20 14:51:10.034819 ==============================================================================
2026-06-20 14:51:10.164021 Tests.01 UI.TC-UI-01
2026-06-20 14:51:10.223920 ==============================================================================
2026-06-20 14:51:18.792935 TC-UI-01 Successful User Registration :: Test user registration wi... Current URL: https://parabank.parasoft.com/
2026-06-20 14:51:36.122151 | FAIL |
2026-06-20 14:51:36.126332 Element 'xpath=//a[contains(@href,'register.htm')]' not visible after 10 seconds.
2026-06-20 14:51:36.126361 ------------------------------------------------------------------------------
2026-06-20 14:51:36.126374 Tests.01 UI.TC-UI-01                                                  | FAIL |
2026-06-20 14:51:36.128915 1 test, 0 passed, 1 failed
2026-06-20 14:51:36.128952 ==============================================================================
2026-06-20 14:51:36.128967 Tests.01 UI                                                           | FAIL |
2026-06-20 14:51:36.129159 1 test, 0 passed, 1 failed
2026-06-20 14:51:36.129177 ==============================================================================
2026-06-20 14:51:36.129191 Tests                                                                 | FAIL |
2026-06-20 14:51:36.129501 1 test, 0 passed, 1 failed
2026-06-20 14:51:36.129512 ==============================================================================
2026-06-20 14:51:36.129520 Output:  D:\parabank\reports\pabot_results\0\output.xml
