==============================================================================
Tests
==============================================================================
Tests.01 UI
==============================================================================
Tests.01 UI.TC-UI-01
==============================================================================
TC-UI-01 Successful User Registration :: Test user registration wi... Current URL: https://parabank.parasoft.com/
| FAIL |
Element 'xpath=//a[contains(@href,'register.htm')]' not visible after 10 seconds.
------------------------------------------------------------------------------
Tests.01 UI.TC-UI-01                                                  | FAIL |
1 test, 0 passed, 1 failed
==============================================================================
Tests.01 UI                                                           | FAIL |
1 test, 0 passed, 1 failed
==============================================================================
Tests                                                                 | FAIL |
1 test, 0 passed, 1 failed
==============================================================================
Output:  D:\parabank\reports\pabot_results\0\output.xml
