[INFO]    Initialized logging in reports\pabot_results
[INFO]    Robot Framework remote server at 127.0.0.1:8270 started.
[DEBUG]   2026-06-20 13:45:10.732964 [PID:33160] [2] [ID:4] EXECUTING Tests.01 UI.TC-UI-05
[DEBUG]   2026-06-20 13:45:10.733750 [PID:41040] [0] [ID:1] EXECUTING Tests.01 UI.TC-UI-02
[DEBUG]   2026-06-20 13:45:10.736241 [PID:39536] [3] [ID:0] EXECUTING Tests.01 UI.TC-UI-01
[DEBUG]   2026-06-20 13:45:10.737150 [PID:9088] [4] [ID:3] EXECUTING Tests.01 UI.TC-UI-04
[DEBUG]   2026-06-20 13:45:10.739597 [PID:41504] [1] [ID:2] EXECUTING Tests.01 UI.TC-UI-03
[DEBUG]   2026-06-20 13:45:16.020130 [PID:41040] [0] [ID:1] still running Tests.01 UI.TC-UI-02 after 5.0s
[DEBUG]   2026-06-20 13:45:16.040904 [PID:41504] [1] [ID:2] still running Tests.01 UI.TC-UI-03 after 5.0s
[DEBUG]   2026-06-20 13:45:16.041038 [PID:39536] [3] [ID:0] still running Tests.01 UI.TC-UI-01 after 5.0s
[DEBUG]   2026-06-20 13:45:16.041114 [PID:9088] [4] [ID:3] still running Tests.01 UI.TC-UI-04 after 5.0s
[DEBUG]   2026-06-20 13:45:16.041246 [PID:33160] [2] [ID:4] still running Tests.01 UI.TC-UI-05 after 5.0s
[DEBUG]   2026-06-20 13:45:26.065902 [PID:41040] [0] [ID:1] still running Tests.01 UI.TC-UI-02 after 15.0s
[DEBUG]   2026-06-20 13:45:26.177857 [PID:41504] [1] [ID:2] still running Tests.01 UI.TC-UI-03 after 15.0s
[DEBUG]   2026-06-20 13:45:26.199593 [PID:9088] [4] [ID:3] still running Tests.01 UI.TC-UI-04 after 15.0s
[DEBUG]   2026-06-20 13:45:26.215242 [PID:39536] [3] [ID:0] still running Tests.01 UI.TC-UI-01 after 15.0s
[DEBUG]   2026-06-20 13:45:26.264750 [PID:33160] [2] [ID:4] still running Tests.01 UI.TC-UI-05 after 15.0s
[INFO]    2026-06-20 13:45:33.657900 [PID:41040] [0] [ID:1] PASSED Tests.01 UI.TC-UI-02 in 22.9 seconds
[DEBUG]   2026-06-20 13:45:33.672937 [PID:12836] [0] [ID:5] EXECUTING Tests.01 UI.TC-UI-06
[DEBUG]   2026-06-20 13:45:38.762608 [PID:12836] [0] [ID:5] still running Tests.01 UI.TC-UI-06 after 5.0s
[DEBUG]   2026-06-20 13:45:41.597042 [PID:41504] [1] [ID:2] still running Tests.01 UI.TC-UI-03 after 30.0s
[DEBUG]   2026-06-20 13:45:41.597170 [PID:39536] [3] [ID:0] still running Tests.01 UI.TC-UI-01 after 30.0s
[DEBUG]   2026-06-20 13:45:41.597321 [PID:9088] [4] [ID:3] still running Tests.01 UI.TC-UI-04 after 30.0s
[DEBUG]   2026-06-20 13:45:41.620239 [PID:33160] [2] [ID:4] still running Tests.01 UI.TC-UI-05 after 30.0s
[INFO]    2026-06-20 13:45:42.411953 [PID:41504] [1] [ID:2] PASSED Tests.01 UI.TC-UI-03 in 31.7 seconds
[DEBUG]   2026-06-20 13:45:42.426013 [PID:37732] [1] [ID:6] EXECUTING Tests.01 UI.TC-UI-07
[INFO]    2026-06-20 13:45:44.727602 [PID:33160] [2] [ID:4] PASSED Tests.01 UI.TC-UI-05 in 34.0 seconds
[DEBUG]   2026-06-20 13:45:44.751073 [PID:53508] [2] [ID:7] EXECUTING Tests.API.TC-API-01
[INFO]    2026-06-20 13:45:45.322087 [PID:9088] [4] [ID:3] PASSED Tests.01 UI.TC-UI-04 in 34.6 seconds
[DEBUG]   2026-06-20 13:45:45.337405 [PID:49216] [3] [ID:8] EXECUTING Tests.API.TC-API-02
[INFO]    2026-06-20 13:45:46.247310 [PID:53508] [2] [ID:7] PASSED Tests.API.TC-API-01 in 1.5 seconds
[DEBUG]   2026-06-20 13:45:46.271622 [PID:54032] [4] [ID:9] EXECUTING Tests.API.TC-API-03
[INFO]    2026-06-20 13:45:46.342679 [PID:39536] [3] [ID:0] PASSED Tests.01 UI.TC-UI-01 in 35.6 seconds
[DEBUG]   2026-06-20 13:45:46.356256 [PID:51932] [0] [ID:10] EXECUTING Tests.API.TC-API-04
[INFO]    2026-06-20 13:45:46.692713 [PID:49216] [3] [ID:8] PASSED Tests.API.TC-API-02 in 1.4 seconds
[DEBUG]   2026-06-20 13:45:46.715285 [PID:10636] [1] [ID:11] EXECUTING Tests.E2E.TC-E2E-01
[DEBUG]   2026-06-20 13:45:47.704377 [PID:37732] [1] [ID:6] still running Tests.01 UI.TC-UI-07 after 5.0s
[INFO]    2026-06-20 13:45:47.710406 [PID:54032] [4] [ID:9] PASSED Tests.API.TC-API-03 in 1.4 seconds
[INFO]    2026-06-20 13:45:47.713602 [PID:51932] [0] [ID:10] PASSED Tests.API.TC-API-04 in 1.4 seconds
[DEBUG]   2026-06-20 13:45:47.725024 [PID:52096] [2] [ID:12] EXECUTING Tests.E2E.TC-E2E-02
[DEBUG]   2026-06-20 13:45:47.725790 [PID:12740] [3] [ID:13] EXECUTING Tests.E2E.TC-E2E-03
[DEBUG]   2026-06-20 13:45:49.046174 [PID:12836] [0] [ID:5] still running Tests.01 UI.TC-UI-06 after 15.0s
[DEBUG]   2026-06-20 13:45:51.963421 [PID:10636] [1] [ID:11] still running Tests.E2E.TC-E2E-01 after 5.0s
[DEBUG]   2026-06-20 13:45:52.972348 [PID:12740] [3] [ID:13] still running Tests.E2E.TC-E2E-03 after 5.0s
[DEBUG]   2026-06-20 13:45:53.109048 [PID:52096] [2] [ID:12] still running Tests.E2E.TC-E2E-02 after 5.0s
[INFO]    2026-06-20 13:45:56.029510 [PID:12836] [0] [ID:5] PASSED Tests.01 UI.TC-UI-06 in 22.4 seconds
[DEBUG]   2026-06-20 13:45:56.042710 [PID:51980] [4] [ID:14] EXECUTING Tests.NEGATIVE.TC-NEG-01
[DEBUG]   2026-06-20 13:45:58.206943 [PID:37732] [1] [ID:6] still running Tests.01 UI.TC-UI-07 after 15.0s
[DEBUG]   2026-06-20 13:46:01.287793 [PID:51980] [4] [ID:14] still running Tests.NEGATIVE.TC-NEG-01 after 5.0s
[DEBUG]   2026-06-20 13:46:02.431221 [PID:10636] [1] [ID:11] still running Tests.E2E.TC-E2E-01 after 15.0s
[DEBUG]   2026-06-20 13:46:03.241589 [PID:12740] [3] [ID:13] still running Tests.E2E.TC-E2E-03 after 15.0s
[DEBUG]   2026-06-20 13:46:03.616613 [PID:52096] [2] [ID:12] still running Tests.E2E.TC-E2E-02 after 15.0s
[INFO]    2026-06-20 13:46:08.456546 [PID:37732] [1] [ID:6] PASSED Tests.01 UI.TC-UI-07 in 26.0 seconds
[DEBUG]   2026-06-20 13:46:08.467880 [PID:49736] [0] [ID:15] EXECUTING Tests.NEGATIVE.TC-NEG-02
[INFO]    2026-06-20 13:46:08.758942 [PID:10636] [1] [ID:11] PASSED Tests.E2E.TC-E2E-01 in 22.1 seconds
[DEBUG]   2026-06-20 13:46:08.768114 [PID:54060] [1] [ID:16] EXECUTING Tests.NEGATIVE.TC-NEG-03
[INFO]    2026-06-20 13:46:11.347846 [PID:52096] [2] [ID:12] PASSED Tests.E2E.TC-E2E-02 in 23.6 seconds
[DEBUG]   2026-06-20 13:46:11.380508 [PID:30504] [2] [ID:17] EXECUTING Tests.NEGATIVE.TC-NEG-04
[DEBUG]   2026-06-20 13:46:11.541485 [PID:51980] [4] [ID:14] still running Tests.NEGATIVE.TC-NEG-01 after 15.0s
[DEBUG]   2026-06-20 13:46:13.662127 [PID:49736] [0] [ID:15] still running Tests.NEGATIVE.TC-NEG-02 after 5.0s
[DEBUG]   2026-06-20 13:46:13.953816 [PID:54060] [1] [ID:16] still running Tests.NEGATIVE.TC-NEG-03 after 5.0s
[INFO]    2026-06-20 13:46:14.477849 [PID:51980] [4] [ID:14] PASSED Tests.NEGATIVE.TC-NEG-01 in 18.4 seconds
[DEBUG]   2026-06-20 13:46:14.497529 [PID:49636] [3] [ID:18] EXECUTING Tests.NEGATIVE.TC-NEG-05
[INFO]    2026-06-20 13:46:14.577993 [PID:12740] [3] [ID:13] PASSED Tests.E2E.TC-E2E-03 in 26.9 seconds
[DEBUG]   2026-06-20 13:46:14.591659 [PID:55844] [4] [ID:19] EXECUTING Tests.NEGATIVE.TC-NEG-06
[INFO]    2026-06-20 13:46:16.321598 [PID:49636] [3] [ID:18] PASSED Tests.NEGATIVE.TC-NEG-05 in 1.8 seconds
[INFO]    2026-06-20 13:46:16.326383 [PID:55844] [4] [ID:19] PASSED Tests.NEGATIVE.TC-NEG-06 in 1.7 seconds
[DEBUG]   2026-06-20 13:46:16.425229 [PID:30504] [2] [ID:17] still running Tests.NEGATIVE.TC-NEG-04 after 5.0s
[DEBUG]   2026-06-20 13:46:23.816375 [PID:49736] [0] [ID:15] still running Tests.NEGATIVE.TC-NEG-02 after 15.0s
[DEBUG]   2026-06-20 13:46:24.131159 [PID:54060] [1] [ID:16] still running Tests.NEGATIVE.TC-NEG-03 after 15.0s
[DEBUG]   2026-06-20 13:46:26.576162 [PID:30504] [2] [ID:17] still running Tests.NEGATIVE.TC-NEG-04 after 15.0s
[INFO]    2026-06-20 13:46:34.023913 [PID:49736] [0] [ID:15] PASSED Tests.NEGATIVE.TC-NEG-02 in 25.6 seconds
[INFO]    2026-06-20 13:46:34.105962 [PID:54060] [1] [ID:16] Execution failed in Tests.NEGATIVE.TC-NEG-03 with 1 failing test(s)
==============================================================================
Tests
==============================================================================
Tests.NEGATIVE
==============================================================================
Tests.NEGATIVE.TC-NEG-03
==============================================================================
TC-NEG-03 Transfer Negative Amount :: Enter -100 as transfer amoun... From dropdown options: []
From dropdown options: ['13344', '13455', '13566', '13899', '14121', '14232', '14343', '14454', '14565', '14676', '14787', '14898', '15009', '15120', '15231', '15342', '15453', '15564', '15675', '15786', '16008', '16119', '16230', '16341', '16563', '16674', '16785', '16896', '17007']
Submitted transfer with negative amount -100
| FAIL |
Page should not have contained text 'Error!'.
------------------------------------------------------------------------------
Tests.NEGATIVE.TC-NEG-03                                              | FAIL |
1 test, 0 passed, 1 failed
==============================================================================
Tests.NEGATIVE                                                        | FAIL |
1 test, 0 passed, 1 failed
==============================================================================
Tests                                                                 | FAIL |
1 test, 0 passed, 1 failed
==============================================================================
Output:  D:\parabank\reports\pabot_results\16\output.xml
[INFO]    2026-06-20 13:46:35.350385 [PID:30504] [2] [ID:17] Execution failed in Tests.NEGATIVE.TC-NEG-04 with 1 failing test(s)
==============================================================================
Tests
==============================================================================
Tests.NEGATIVE
==============================================================================
Tests.NEGATIVE.TC-NEG-04
==============================================================================
TC-NEG-04 Transfer Amount Greater Than Balance :: Enter 999999 as ... From dropdown options: []
From dropdown options: ['13344', '13455', '13566', '13899', '14121', '14232', '14343', '14454', '14565', '14676', '14787', '14898', '15009', '15120', '15231', '15342', '15453', '15564', '15675', '15786', '16008', '16119', '16230', '16341', '16563', '16674', '16785', '16896', '17007']
Submitted transfer with amount 999999 (way above balance)
| FAIL |
Page should not have contained text 'Error!'.
------------------------------------------------------------------------------
Tests.NEGATIVE.TC-NEG-04                                              | FAIL |
1 test, 0 passed, 1 failed
==============================================================================
Tests.NEGATIVE                                                        | FAIL |
1 test, 0 passed, 1 failed
==============================================================================
Tests                                                                 | FAIL |
1 test, 0 passed, 1 failed
==============================================================================
Output:  D:\parabank\reports\pabot_results\17\output.xml
[INFO]    20 tests, 18 passed, 2 failed, 0 skipped.
[INFO]    ===================================================
[INFO]    Output:  D:\parabank\reports\output.xml
[INFO]    Log:     D:\parabank\reports\log.html
[INFO]    Report:  D:\parabank\reports\report.html
[DEBUG]   Finalizing Pabot execution...
[DEBUG]   Stopping PabotLib process
[INFO]    Robot Framework remote server at 127.0.0.1:8270 stopped.
[DEBUG]   PabotLib process stopped
[INFO]    Total testing: 6 minutes 22.30 seconds
[INFO]    Elapsed time:  1 minute 26.21 seconds
[DEBUG]   Logs flushed successfully.
