==============================================================================
Tests
==============================================================================
Tests.E2E
==============================================================================
Tests.E2E.TC-E2E-03
==============================================================================
TC-E2E-03 Transfer Funds and Check Balance via API :: Transfer fun... | FAIL |
Element with locator 'xpath=//input[@name="username"]' not found.
------------------------------------------------------------------------------
Tests.E2E.TC-E2E-03                                                   | FAIL |
1 test, 0 passed, 1 failed
==============================================================================
Tests.E2E                                                             | FAIL |
1 test, 0 passed, 1 failed
==============================================================================
Tests                                                                 | FAIL |
1 test, 0 passed, 1 failed
==============================================================================
Output:  D:\parabank\reports\pabot_results\13\output.xml
