2026-06-20 14:16:46.743838 ==============================================================================
2026-06-20 14:16:46.754238 Tests
2026-06-20 14:16:46.754325 ==============================================================================
2026-06-20 14:16:46.754383 Tests.E2E
2026-06-20 14:16:46.754995 ==============================================================================
2026-06-20 14:16:47.584587 Tests.E2E.TC-E2E-03
2026-06-20 14:16:47.649928 ==============================================================================
2026-06-20 14:17:00.455237 TC-E2E-03 Transfer Funds and Check Balance via API :: Transfer fun... Available Accounts: ['12345', '12456', '12567', '12678', '12789', '12900', '13011', '13122', '13233', '13344', '13566', '13677', '13899', '14454', '14565', '14676', '15009', '15342', '15786', '15897', '16341', '16563', '18117', '18228', '18339', '18450', '18561', '18672', '18783', '18894', '19005', '19116', '19227', '19338', '19449', '19560', '19671', '19893', '20004', '20115', '20226', '20337', '20448', '20559', '20670', '20781', '20892', '21003', '21336', '21558', '21669', '21780', '21891', '22002', '22113', '54321']
2026-06-20 14:17:01.422330 New account number: 22224
2026-06-20 14:17:03.336117 Available Accounts: ['12345', '12456', '12567', '12678', '12789', '12900', '13011', '13122', '13233', '13344', '13566', '13677', '13899', '14454', '14565', '14676', '15009', '15342', '15786', '15897', '16341', '16563', '18117', '18228', '18339', '18450', '18561', '18672', '18783', '18894', '19005', '19116', '19227', '19338', '19449', '19560', '19671', '19893', '20004', '20115', '20226', '20337', '20448', '20559', '20670', '20781', '20892', '21003', '21336', '21558', '21669', '21780', '21891', '22002', '22113', '22224', '22335', '22446', '22557', '54321']
2026-06-20 14:17:04.151553 Available Accounts: ['12345', '12456', '12567', '12678', '12789', '12900', '13011', '13122', '13233', '13344', '13566', '13677', '13899', '14454', '14565', '14676', '15009', '15342', '15786', '15897', '16341', '16563', '18117', '18228', '18339', '18450', '18561', '18672', '18783', '18894', '19005', '19116', '19227', '19338', '19449', '19560', '19671', '19893', '20004', '20115', '20226', '20337', '20448', '20559', '20670', '20781', '20892', '21003', '21336', '21558', '21669', '21780', '21891', '22002', '22113', '22224', '22335', '22446', '22557', '54321']
2026-06-20 14:17:04.713616 From Accounts: 12345
2026-06-20 14:17:04.749947 To Accounts: 12456
2026-06-20 14:17:04.803540 Transfer from: 12345 to: 12456
2026-06-20 14:17:05.252449 C:\Users\mridu\AppData\Local\Python\pythoncore-3.14-64\Lib\site-packages\urllib3\connectionpool.py:1097: InsecureRequestWarning: Unverified HTTPS request is being made to host 'parabank.parasoft.com'. Adding certificate verification is strongly advised. See: https://urllib3.readthedocs.io/en/latest/advanced-usage.html#tls-warnings
2026-06-20 14:17:05.313565   warnings.warn(
2026-06-20 14:17:05.621912 Destination Balance After: 435.95
2026-06-20 14:17:05.621912 C:\Users\mridu\AppData\Local\Python\pythoncore-3.14-64\Lib\site-packages\urllib3\connectionpool.py:1097: InsecureRequestWarning: Unverified HTTPS request is being made to host 'parabank.parasoft.com'. Adding certificate verification is strongly advised. See: https://urllib3.readthedocs.io/en/latest/advanced-usage.html#tls-warnings
2026-06-20 14:17:05.642263   warnings.warn(
2026-06-20 14:17:12.248624 | PASS |
2026-06-20 14:17:12.252457 ------------------------------------------------------------------------------
2026-06-20 14:17:12.252503 Tests.E2E.TC-E2E-03                                                   | PASS |
2026-06-20 14:17:12.260981 1 test, 1 passed, 0 failed
2026-06-20 14:17:12.261007 ==============================================================================
2026-06-20 14:17:12.261023 Tests.E2E                                                             | PASS |
2026-06-20 14:17:12.261787 1 test, 1 passed, 0 failed
2026-06-20 14:17:12.261811 ==============================================================================
2026-06-20 14:17:12.261827 Tests                                                                 | PASS |
2026-06-20 14:17:12.262484 1 test, 1 passed, 0 failed
2026-06-20 14:17:12.262508 ==============================================================================
2026-06-20 14:17:12.262525 Output:  D:\parabank\reports\pabot_results\13\output.xml
