2026-06-20 13:45:11.305782 ==============================================================================
2026-06-20 13:45:11.322275 Tests
2026-06-20 13:45:11.322299 ==============================================================================
2026-06-20 13:45:11.322311 Tests.01 UI
2026-06-20 13:45:11.323216 ==============================================================================
2026-06-20 13:45:11.512696 Tests.01 UI.TC-UI-05
2026-06-20 13:45:11.563650 ==============================================================================
2026-06-20 13:45:26.510398 TC-UI-05 Transfer Funds Between Accounts :: Test the fund transfer... Available Accounts: []
2026-06-20 13:45:27.880291 Available Accounts: ['13344', '13455', '13566', '13899', '14121', '14232', '14343', '14454', '14565', '14676', '14787', '14898', '15009', '15120', '15231', '15342', '15453', '15564', '15675']
2026-06-20 13:45:29.027963 New account number: 16230
2026-06-20 13:45:30.659454 Available Accounts: ['13344', '13455', '13566', '13899', '14121', '14232', '14343', '14454', '14565', '14676', '14787', '14898', '15009', '15120', '15231', '15342', '15453', '15564', '15675', '15786', '16008', '16119', '16230']
2026-06-20 13:45:31.043405 Available Accounts: ['13344', '13455', '13566', '13899', '14121', '14232', '14343', '14454', '14565', '14676', '14787', '14898', '15009', '15120', '15231', '15342', '15453', '15564', '15675', '15786', '16008', '16119', '16230']
2026-06-20 13:45:32.203503 From Accounts: 13344
2026-06-20 13:45:32.223224 To Accounts: 13455
2026-06-20 13:45:44.122440 | PASS |
2026-06-20 13:45:44.140794 ------------------------------------------------------------------------------
2026-06-20 13:45:44.140821 Tests.01 UI.TC-UI-05                                                  | PASS |
2026-06-20 13:45:44.146063 1 test, 1 passed, 0 failed
2026-06-20 13:45:44.146113 ==============================================================================
2026-06-20 13:45:44.146147 Tests.01 UI                                                           | PASS |
2026-06-20 13:45:44.147213 1 test, 1 passed, 0 failed
2026-06-20 13:45:44.147250 ==============================================================================
2026-06-20 13:45:44.147277 Tests                                                                 | PASS |
2026-06-20 13:45:44.148240 1 test, 1 passed, 0 failed
2026-06-20 13:45:44.148510 ==============================================================================
2026-06-20 13:45:44.148861 Output:  D:\parabank\reports\pabot_results\4\output.xml
