==============================================================================
Tests
==============================================================================
Tests.01 UI
==============================================================================
Tests.01 UI.TC-UI-05
==============================================================================
TC-UI-05 Transfer Funds Between Accounts :: Test the fund transfer... Available Accounts: []
Available Accounts: ['12345', '12456', '12567', '12678', '12789', '12900', '13011', '13122', '13233', '13344', '13677', '13788', '54321']
New account number: 14121
Available Accounts: []
Available Accounts: ['12345', '12456', '12567', '12678', '12789', '12900', '13011', '13122', '13233', '13344', '13677', '13788', '14121', '14232', '54321']
Available Accounts: ['12345', '12456', '12567', '12678', '12789', '12900', '13011', '13122', '13233', '13344', '13677', '13788', '14121', '14232', '54321']
From Accounts: 12345
To Accounts: 12456
| PASS |
------------------------------------------------------------------------------
Tests.01 UI.TC-UI-05                                                  | PASS |
1 test, 1 passed, 0 failed
==============================================================================
Tests.01 UI                                                           | PASS |
1 test, 1 passed, 0 failed
==============================================================================
Tests                                                                 | PASS |
1 test, 1 passed, 0 failed
==============================================================================
Output:  D:\parabank\reports\pabot_results\4\output.xml
