==============================================================================
Tests
==============================================================================
Tests.01 UI
==============================================================================
Tests.01 UI.TC-UI-04
==============================================================================
TC-UI-04 Create Checking Account Successfully :: Test the checking... | FAIL |
Element with locator 'xpath=//input[@name="username"]' not found.
------------------------------------------------------------------------------
Tests.01 UI.TC-UI-04                                                  | FAIL |
1 test, 0 passed, 1 failed
==============================================================================
Tests.01 UI                                                           | FAIL |
1 test, 0 passed, 1 failed
==============================================================================
Tests                                                                 | FAIL |
1 test, 0 passed, 1 failed
==============================================================================
Output:  D:\parabank\reports\pabot_results\3\output.xml
