2026-06-20 14:16:14.459718 ==============================================================================
2026-06-20 14:16:14.466416 Tests
2026-06-20 14:16:14.466453 ==============================================================================
2026-06-20 14:16:14.466500 Tests.01 UI
2026-06-20 14:16:14.467025 ==============================================================================
2026-06-20 14:16:14.642509 Tests.01 UI.TC-UI-04
2026-06-20 14:16:14.645702 ==============================================================================
2026-06-20 14:16:27.096842 TC-UI-04 Create Checking Account Successfully :: Test the checking... Available Accounts: []
2026-06-20 14:16:29.291765 Available Accounts: ['12345', '12456', '12567', '12678', '12789', '12900', '13011', '13122', '13233', '13344', '13566', '13677', '13899', '14454', '14565', '14676', '15009', '15342', '15786', '15897', '16341', '16563', '18117', '18228', '18339', '18450', '18561', '18672', '18783', '18894', '19005', '19116', '19227', '19338', '19449', '19560', '19671', '19893', '20004', '20115', '20226', '20337', '20448', '20559', '20670', '20781', '20892', '21003', '21336', '54321']
2026-06-20 14:16:30.332964 New account number: 21669
2026-06-20 14:16:43.258181 | PASS |
2026-06-20 14:16:43.258356 ------------------------------------------------------------------------------
2026-06-20 14:16:43.258379 Tests.01 UI.TC-UI-04                                                  | PASS |
2026-06-20 14:16:43.258398 1 test, 1 passed, 0 failed
2026-06-20 14:16:43.258413 ==============================================================================
2026-06-20 14:16:43.258470 Tests.01 UI                                                           | PASS |
2026-06-20 14:16:43.258502 1 test, 1 passed, 0 failed
2026-06-20 14:16:43.258735 ==============================================================================
2026-06-20 14:16:43.258779 Tests                                                                 | PASS |
2026-06-20 14:16:43.259346 1 test, 1 passed, 0 failed
2026-06-20 14:16:43.259374 ==============================================================================
2026-06-20 14:16:43.259401 Output:  D:\parabank\reports\pabot_results\3\output.xml
