==============================================================================
Tests
==============================================================================
Tests.API
==============================================================================
Tests.API.TC-API-03
==============================================================================
TC-API-03 Execute Fund Transfer Via API :: Verify fund transfer API   Successfully transferred $150 from account #13344 to account #13455
| PASS |
------------------------------------------------------------------------------
Tests.API.TC-API-03                                                   | PASS |
1 test, 1 passed, 0 failed
==============================================================================
Tests.API                                                             | PASS |
1 test, 1 passed, 0 failed
==============================================================================
Tests                                                                 | PASS |
1 test, 1 passed, 0 failed
==============================================================================
Output:  D:\parabank\reports\pabot_results\9\output.xml
