2026-06-20 13:45:46.823730 ==============================================================================
2026-06-20 13:45:46.841485 Tests
2026-06-20 13:45:46.841608 ==============================================================================
2026-06-20 13:45:46.841678 Tests.API
2026-06-20 13:45:46.842014 ==============================================================================
2026-06-20 13:45:47.008442 Tests.API.TC-API-03
2026-06-20 13:45:47.016133 ==============================================================================
2026-06-20 13:45:47.443489 TC-API-03 Execute Fund Transfer Via API :: Verify fund transfer API   Successfully transferred $150 from account #13344 to account #13455
2026-06-20 13:45:47.443489 C:\Users\mridu\AppData\Local\Python\pythoncore-3.14-64\Lib\site-packages\urllib3\connectionpool.py:1097: InsecureRequestWarning: Unverified HTTPS request is being made to host 'parabank.parasoft.com'. Adding certificate verification is strongly advised. See: https://urllib3.readthedocs.io/en/latest/advanced-usage.html#tls-warnings
2026-06-20 13:45:47.480606 | PASS |
2026-06-20 13:45:47.480606   warnings.warn(
2026-06-20 13:45:47.481213 ------------------------------------------------------------------------------
2026-06-20 13:45:47.481247 Tests.API.TC-API-03                                                   | PASS |
2026-06-20 13:45:47.482715 1 test, 1 passed, 0 failed
2026-06-20 13:45:47.482746 ==============================================================================
2026-06-20 13:45:47.483210 Tests.API                                                             | PASS |
2026-06-20 13:45:47.483247 1 test, 1 passed, 0 failed
2026-06-20 13:45:47.483296 ==============================================================================
2026-06-20 13:45:47.483323 Tests                                                                 | PASS |
2026-06-20 13:45:47.483338 1 test, 1 passed, 0 failed
2026-06-20 13:45:47.483352 ==============================================================================
2026-06-20 13:45:47.483365 Output:  D:\parabank\reports\pabot_results\9\output.xml
