==============================================================================
Tests
==============================================================================
Tests.NEGATIVE
==============================================================================
Tests.NEGATIVE.TC-NEG-01
==============================================================================
TC-NEG-01 Login with Non Existent User :: Verify that logging in w... | FAIL |
Element with locator 'xpath=//input[@name="username"]' not found.
------------------------------------------------------------------------------
Tests.NEGATIVE.TC-NEG-01                                              | FAIL |
1 test, 0 passed, 1 failed
==============================================================================
Tests.NEGATIVE                                                        | FAIL |
1 test, 0 passed, 1 failed
==============================================================================
Tests                                                                 | FAIL |
1 test, 0 passed, 1 failed
==============================================================================
Output:  D:\parabank\reports\pabot_results\14\output.xml
