2026-06-20 14:51:59.111983 ==============================================================================
2026-06-20 14:51:59.151516 Tests
2026-06-20 14:51:59.151539 ==============================================================================
2026-06-20 14:51:59.151550 Tests.NEGATIVE
2026-06-20 14:51:59.152502 ==============================================================================
2026-06-20 14:51:59.397821 Tests.NEGATIVE.TC-NEG-01
2026-06-20 14:51:59.411798 ==============================================================================
2026-06-20 14:52:13.669164 TC-NEG-01 Login with Non Existent User :: Verify that logging in w... | FAIL |
2026-06-20 14:52:13.693942 Element with locator 'xpath=//input[@name="username"]' not found.
2026-06-20 14:52:13.693979 ------------------------------------------------------------------------------
2026-06-20 14:52:13.694013 Tests.NEGATIVE.TC-NEG-01                                              | FAIL |
2026-06-20 14:52:13.694037 1 test, 0 passed, 1 failed
2026-06-20 14:52:13.694657 ==============================================================================
2026-06-20 14:52:13.696553 Tests.NEGATIVE                                                        | FAIL |
2026-06-20 14:52:13.696591 1 test, 0 passed, 1 failed
2026-06-20 14:52:13.696611 ==============================================================================
2026-06-20 14:52:13.696627 Tests                                                                 | FAIL |
2026-06-20 14:52:13.696641 1 test, 0 passed, 1 failed
2026-06-20 14:52:13.696667 ==============================================================================
2026-06-20 14:52:13.696682 Output:  D:\parabank\reports\pabot_results\14\output.xml
