2026-06-20 13:45:45.245536 ==============================================================================
2026-06-20 13:45:45.250622 Tests
2026-06-20 13:45:45.250726 ==============================================================================
2026-06-20 13:45:45.250790 Tests.API
2026-06-20 13:45:45.252320 ==============================================================================
2026-06-20 13:45:45.470586 Tests.API.TC-API-01
2026-06-20 13:45:45.479116 ==============================================================================
2026-06-20 13:45:45.886315 TC-API-01 Validate Account Exists via API :: Validate Account Exis... [{"id":13344,"customerId":12212,"type":"CHECKING","balance":2522.93},{"id":13455,"customerId":12212,"type":"SAVINGS","balance":200.00},{"id":13566,"customerId":12212,"type":"SAVINGS","balance":200.00},{"id":13899,"customerId":12212,"type":"LOAN","balance":1000.00},{"id":14121,"customerId":12212,"type":"SAVINGS","balance":100.00},{"id":14232,"customerId":12212,"type":"CHECKING","balance":100.00},{"id":14343,"customerId":12212,"type":"LOAN","balance":100.00},{"id":14454,"customerId":12212,"type":"SAVINGS","balance":-9900.00},{"id":14565,"customerId":12212,"type":"SAVINGS","balance":10100.00},{"id":14676,"customerId":12212,"type":"SAVINGS","balance":100.00},{"id":14787,"customerId":12212,"type":"CHECKING","balance":100.00},{"id":14898,"customerId":12212,"type":"SAVINGS","balance":100.00},{"id":15009,"customerId":12212,"type":"SAVINGS","balance":100.00},{"id":15120,"customerId":12212,"type":"CHECKING","balance":100.00},{"id":15231,"customerId":12212,"type":"SAVINGS","balance":0.00},{"id":15342,"customerId":12212,"type":"SAVINGS","balance":200.00},{"id":15453,"customerId":12212,"type":"SAVINGS","balance":100.00},{"id":15564,"customerId":12212,"type":"SAVINGS","balance":0.00},{"id":15675,"customerId":12212,"type":"SAVINGS","balance":200.00},{"id":15786,"customerId":12212,"type":"CHECKING","balance":100.00},{"id":16008,"customerId":12212,"type":"CHECKING","balance":100.00},{"id":16119,"customerId":12212,"type":"SAVINGS","balance":100.00},{"id":16230,"customerId":12212,"type":"SAVINGS","balance":100.00},{"id":16341,"customerId":12212,"type":"SAVINGS","balance":100.00}]
2026-06-20 13:45:45.886315 C:\Users\mridu\AppData\Local\Python\pythoncore-3.14-64\Lib\site-packages\urllib3\connectionpool.py:1097: InsecureRequestWarning: Unverified HTTPS request is being made to host 'parabank.parasoft.com'. Adding certificate verification is strongly advised. See: https://urllib3.readthedocs.io/en/latest/advanced-usage.html#tls-warnings
2026-06-20 13:45:45.938537 | PASS |
2026-06-20 13:45:45.938537   warnings.warn(
2026-06-20 13:45:45.939250 ------------------------------------------------------------------------------
2026-06-20 13:45:45.939307 Tests.API.TC-API-01                                                   | PASS |
2026-06-20 13:45:45.940874 1 test, 1 passed, 0 failed
2026-06-20 13:45:45.940894 ==============================================================================
2026-06-20 13:45:45.940908 Tests.API                                                             | PASS |
2026-06-20 13:45:45.941331 1 test, 1 passed, 0 failed
2026-06-20 13:45:45.941369 ==============================================================================
2026-06-20 13:45:45.941502 Tests                                                                 | PASS |
2026-06-20 13:45:45.941558 1 test, 1 passed, 0 failed
2026-06-20 13:45:45.941597 ==============================================================================
2026-06-20 13:45:45.941629 Output:  D:\parabank\reports\pabot_results\7\output.xml
