==============================================================================
Tests
==============================================================================
Tests.API
==============================================================================
Tests.API.TC-API-01
==============================================================================
TC-API-01 Validate Account Exists via API :: Validate Account Exis... | FAIL |
500 != 200
------------------------------------------------------------------------------
Tests.API.TC-API-01                                                   | FAIL |
1 test, 0 passed, 1 failed
==============================================================================
Tests.API                                                             | FAIL |
1 test, 0 passed, 1 failed
==============================================================================
Tests                                                                 | FAIL |
1 test, 0 passed, 1 failed
==============================================================================
Output:  D:\parabank\reports\pabot_results\7\output.xml
