==============================================================================
Tests
==============================================================================
Tests.NEGATIVE
==============================================================================
Tests.NEGATIVE.TC-NEG-05
==============================================================================
TC-NEG-05 Invalid Account ID via API :: Call GET /accounts/000000 ... Response status: 400
| PASS |
------------------------------------------------------------------------------
Tests.NEGATIVE.TC-NEG-05                                              | PASS |
1 test, 1 passed, 0 failed
==============================================================================
Tests.NEGATIVE                                                        | PASS |
1 test, 1 passed, 0 failed
==============================================================================
Tests                                                                 | PASS |
1 test, 1 passed, 0 failed
==============================================================================
Output:  D:\parabank\reports\pabot_results\18\output.xml
