2026-06-20 13:46:15.033148 ==============================================================================
2026-06-20 13:46:15.047448 Tests
2026-06-20 13:46:15.047560 ==============================================================================
2026-06-20 13:46:15.047630 Tests.NEGATIVE
2026-06-20 13:46:15.048234 ==============================================================================
2026-06-20 13:46:15.349103 Tests.NEGATIVE.TC-NEG-05
2026-06-20 13:46:15.355996 ==============================================================================
2026-06-20 13:46:16.030693 TC-NEG-05 Invalid Account ID via API :: Call GET /accounts/000000 ... Response status: 400
2026-06-20 13:46:16.030693 C:\Users\mridu\AppData\Local\Python\pythoncore-3.14-64\Lib\site-packages\urllib3\connectionpool.py:1097: InsecureRequestWarning: Unverified HTTPS request is being made to host 'parabank.parasoft.com'. Adding certificate verification is strongly advised. See: https://urllib3.readthedocs.io/en/latest/advanced-usage.html#tls-warnings
2026-06-20 13:46:16.050673 | PASS |
2026-06-20 13:46:16.050673   warnings.warn(
2026-06-20 13:46:16.053905 ------------------------------------------------------------------------------
2026-06-20 13:46:16.053946 Tests.NEGATIVE.TC-NEG-05                                              | PASS |
2026-06-20 13:46:16.057335 1 test, 1 passed, 0 failed
2026-06-20 13:46:16.057461 ==============================================================================
2026-06-20 13:46:16.057752 Tests.NEGATIVE                                                        | PASS |
2026-06-20 13:46:16.057788 1 test, 1 passed, 0 failed
2026-06-20 13:46:16.057808 ==============================================================================
2026-06-20 13:46:16.057825 Tests                                                                 | PASS |
2026-06-20 13:46:16.058374 1 test, 1 passed, 0 failed
2026-06-20 13:46:16.058399 ==============================================================================
2026-06-20 13:46:16.058417 Output:  D:\parabank\reports\pabot_results\18\output.xml
