==============================================================================
Tests
==============================================================================
Tests.NEGATIVE
==============================================================================
Tests.NEGATIVE.TC-NEG-03
==============================================================================
TC-NEG-03 Transfer Negative Amount :: Enter -100 as transfer amoun... From dropdown options: []
From dropdown options: ['13344', '13455', '13566', '13899', '14121', '14232', '14343', '14454', '14565', '14676', '14787', '14898', '15009', '15120', '15231', '15342', '15453', '15564', '15675', '15786', '16008', '16119', '16230', '16341', '16563', '16674', '16785', '16896', '17007']
Submitted transfer with negative amount -100
| FAIL |
Page should not have contained text 'Error!'.
------------------------------------------------------------------------------
Tests.NEGATIVE.TC-NEG-03                                              | FAIL |
1 test, 0 passed, 1 failed
==============================================================================
Tests.NEGATIVE                                                        | FAIL |
1 test, 0 passed, 1 failed
==============================================================================
Tests                                                                 | FAIL |
1 test, 0 passed, 1 failed
==============================================================================
Output:  D:\parabank\reports\pabot_results\16\output.xml
