2026-06-20 14:17:13.106419 ==============================================================================
2026-06-20 14:17:13.121196 Tests
2026-06-20 14:17:13.121294 ==============================================================================
2026-06-20 14:17:13.121361 Tests.NEGATIVE
2026-06-20 14:17:13.122084 ==============================================================================
2026-06-20 14:17:13.356166 Tests.NEGATIVE.TC-NEG-03
2026-06-20 14:17:13.389549 ==============================================================================
2026-06-20 14:17:24.880737 TC-NEG-03 Transfer Negative Amount :: Enter -100 as transfer amount   From dropdown options: []
2026-06-20 14:17:26.757509 From dropdown options: ['12345', '12456', '12567', '12678', '12789', '12900', '13011', '13122', '13233', '13344', '13566', '13677', '13899', '14454', '14565', '14676', '15009', '15342', '15786', '15897', '16341', '16563', '18117', '18228', '18339', '18450', '18561', '18672', '18783', '18894', '19005', '19116', '19227', '19338', '19449', '19560', '19671', '19893', '20004', '20115', '20226', '20337', '20448', '20559', '20670', '20781', '20892', '21003', '21336', '21558', '21669', '21780', '21891', '22002', '22113', '22224', '22335', '22446', '22557', '22668', '22779', '22890', '23001', '54321']
2026-06-20 14:17:27.288380 Submitted transfer with negative amount -100
2026-06-20 14:17:38.263260 | FAIL |
2026-06-20 14:17:38.278380 Page should not have contained text 'Error!'.
2026-06-20 14:17:38.278401 ------------------------------------------------------------------------------
2026-06-20 14:17:38.278417 Tests.NEGATIVE.TC-NEG-03                                              | FAIL |
2026-06-20 14:17:38.281794 1 test, 0 passed, 1 failed
2026-06-20 14:17:38.281842 ==============================================================================
2026-06-20 14:17:38.281857 Tests.NEGATIVE                                                        | FAIL |
2026-06-20 14:17:38.282315 1 test, 0 passed, 1 failed
2026-06-20 14:17:38.282333 ==============================================================================
2026-06-20 14:17:38.282400 Tests                                                                 | FAIL |
2026-06-20 14:17:38.282739 1 test, 0 passed, 1 failed
2026-06-20 14:17:38.282757 ==============================================================================
2026-06-20 14:17:38.282773 Output:  D:\parabank\reports\pabot_results\16\output.xml
