2026-06-20 14:51:09.973979 ==============================================================================
2026-06-20 14:51:10.032440 Tests
2026-06-20 14:51:10.032500 ==============================================================================
2026-06-20 14:51:10.032540 Tests.01 UI
2026-06-20 14:51:10.033404 ==============================================================================
2026-06-20 14:51:10.213168 Tests.01 UI.TC-UI-03
2026-06-20 14:51:10.225383 ==============================================================================
2026-06-20 14:51:25.802910 TC-UI-03 Create Savings Account Successfully :: Test the savings a... | FAIL |
2026-06-20 14:51:25.853007 Element with locator 'xpath=//input[@name="username"]' not found.
2026-06-20 14:51:25.853084 ------------------------------------------------------------------------------
2026-06-20 14:51:25.853213 Tests.01 UI.TC-UI-03                                                  | FAIL |
2026-06-20 14:51:25.859832 1 test, 0 passed, 1 failed
2026-06-20 14:51:25.859875 ==============================================================================
2026-06-20 14:51:25.860146 Tests.01 UI                                                           | FAIL |
2026-06-20 14:51:25.861027 1 test, 0 passed, 1 failed
2026-06-20 14:51:25.861074 ==============================================================================
2026-06-20 14:51:25.861110 Tests                                                                 | FAIL |
2026-06-20 14:51:25.862032 1 test, 0 passed, 1 failed
2026-06-20 14:51:25.862076 ==============================================================================
2026-06-20 14:51:25.862118 Output:  D:\parabank\reports\pabot_results\2\output.xml
