==============================================================================
Tests
==============================================================================
Tests.01 UI
==============================================================================
Tests.01 UI.TC-UI-03
==============================================================================
TC-UI-03 Create Savings Account Successfully :: Test the savings a... Available Accounts: []
Available Accounts: ['13344', '13455', '13566', '13899', '14121', '14232', '14343', '14454', '14565', '14676', '14787', '14898', '15009', '15120', '15231', '15342', '15453', '15564', '15675']
New account number: 16119
| PASS |
------------------------------------------------------------------------------
Tests.01 UI.TC-UI-03                                                  | PASS |
1 test, 1 passed, 0 failed
==============================================================================
Tests.01 UI                                                           | PASS |
1 test, 1 passed, 0 failed
==============================================================================
Tests                                                                 | PASS |
1 test, 1 passed, 0 failed
==============================================================================
Output:  D:\parabank\reports\pabot_results\2\output.xml
