2026-06-20 13:46:11.886666 ==============================================================================
2026-06-20 13:46:11.901021 Tests
2026-06-20 13:46:11.901046 ==============================================================================
2026-06-20 13:46:11.901059 Tests.NEGATIVE
2026-06-20 13:46:11.902335 ==============================================================================
2026-06-20 13:46:12.120795 Tests.NEGATIVE.TC-NEG-04
2026-06-20 13:46:12.181984 ==============================================================================
2026-06-20 13:46:22.625265 TC-NEG-04 Transfer Amount Greater Than Balance :: Enter 999999 as ... From dropdown options: []
2026-06-20 13:46:24.206319 From dropdown options: ['13344', '13455', '13566', '13899', '14121', '14232', '14343', '14454', '14565', '14676', '14787', '14898', '15009', '15120', '15231', '15342', '15453', '15564', '15675', '15786', '16008', '16119', '16230', '16341', '16563', '16674', '16785', '16896', '17007']
2026-06-20 13:46:25.311487 Submitted transfer with amount 999999 (way above balance)
2026-06-20 13:46:35.028472 | FAIL |
2026-06-20 13:46:35.063133 Page should not have contained text 'Error!'.
2026-06-20 13:46:35.063156 ------------------------------------------------------------------------------
2026-06-20 13:46:35.063172 Tests.NEGATIVE.TC-NEG-04                                              | FAIL |
2026-06-20 13:46:35.066518 1 test, 0 passed, 1 failed
2026-06-20 13:46:35.066547 ==============================================================================
2026-06-20 13:46:35.066563 Tests.NEGATIVE                                                        | FAIL |
2026-06-20 13:46:35.067081 1 test, 0 passed, 1 failed
2026-06-20 13:46:35.067102 ==============================================================================
2026-06-20 13:46:35.067116 Tests                                                                 | FAIL |
2026-06-20 13:46:35.067500 1 test, 0 passed, 1 failed
2026-06-20 13:46:35.067525 ==============================================================================
2026-06-20 13:46:35.067541 Output:  D:\parabank\reports\pabot_results\17\output.xml
