==============================================================================
Tests
==============================================================================
Tests.NEGATIVE
==============================================================================
Tests.NEGATIVE.TC-NEG-04
==============================================================================
TC-NEG-04 Transfer Amount Greater Than Balance :: Enter 999999 as ... From dropdown options: []
From dropdown options: ['12345', '12456', '12567', '12678', '12789', '12900', '13011', '13122', '13233', '13344', '13566', '13677', '13899', '14454', '14565', '14676', '15009', '15342', '15786', '15897', '16341', '16563', '18117', '18228', '18339', '18450', '18561', '18672', '18783', '18894', '19005', '19116', '19227', '19338', '19449', '19560', '19671', '19893', '20004', '20115', '20226', '20337', '20448', '20559', '20670', '20781', '20892', '21003', '21336', '21558', '21669', '21780', '21891', '22002', '22113', '22224', '22335', '22446', '22557', '22668', '22779', '22890', '23001', '54321']
Submitted transfer with amount 999999 (way above balance)
| FAIL |
Page should not have contained text 'Error!'.
------------------------------------------------------------------------------
Tests.NEGATIVE.TC-NEG-04                                              | FAIL |
1 test, 0 passed, 1 failed
==============================================================================
Tests.NEGATIVE                                                        | FAIL |
1 test, 0 passed, 1 failed
==============================================================================
Tests                                                                 | FAIL |
1 test, 0 passed, 1 failed
==============================================================================
Output:  D:\parabank\reports\pabot_results\17\output.xml
