==============================================================================
Tests
==============================================================================
Tests.NEGATIVE
==============================================================================
Tests.NEGATIVE.TC-NEG-06
==============================================================================
TC-NEG-06 Login API with Invalid Credentials :: Call login API wit... Response status: 400
| PASS |
------------------------------------------------------------------------------
Tests.NEGATIVE.TC-NEG-06                                              | PASS |
1 test, 1 passed, 0 failed
==============================================================================
Tests.NEGATIVE                                                        | PASS |
1 test, 1 passed, 0 failed
==============================================================================
Tests                                                                 | PASS |
1 test, 1 passed, 0 failed
==============================================================================
Output:  D:\parabank\reports\pabot_results\19\output.xml
