2026-06-22 23:45:54.503360 ==============================================================================
2026-06-22 23:45:54.549442 Tests
2026-06-22 23:45:54.549497 ==============================================================================
2026-06-22 23:45:54.549527 Tests.NEGATIVE
2026-06-22 23:45:54.550310 ==============================================================================
2026-06-22 23:45:54.786126 Tests.NEGATIVE.TC-NEG-06
2026-06-22 23:45:54.788611 ==============================================================================
2026-06-22 23:45:55.836110 TC-NEG-06 Login API with Invalid Credentials :: Call login API wit... Response status: 400
2026-06-22 23:45:55.836110 C:\Users\mridu\AppData\Local\Python\pythoncore-3.14-64\Lib\site-packages\urllib3\connectionpool.py:1097: InsecureRequestWarning: Unverified HTTPS request is being made to host 'parabank.parasoft.com'. Adding certificate verification is strongly advised. See: https://urllib3.readthedocs.io/en/latest/advanced-usage.html#tls-warnings
2026-06-22 23:45:55.864429 | PASS |
2026-06-22 23:45:55.864429   warnings.warn(
2026-06-22 23:45:55.866298 ------------------------------------------------------------------------------
2026-06-22 23:45:55.866342 Tests.NEGATIVE.TC-NEG-06                                              | PASS |
2026-06-22 23:45:55.868479 1 test, 1 passed, 0 failed
2026-06-22 23:45:55.868533 ==============================================================================
2026-06-22 23:45:55.868742 Tests.NEGATIVE                                                        | PASS |
2026-06-22 23:45:55.868917 1 test, 1 passed, 0 failed
2026-06-22 23:45:55.868942 ==============================================================================
2026-06-22 23:45:55.868961 Tests                                                                 | PASS |
2026-06-22 23:45:55.869258 1 test, 1 passed, 0 failed
2026-06-22 23:45:55.869287 ==============================================================================
2026-06-22 23:45:55.869312 Output:  D:\parabank\reports\pabot_results\19\output.xml
