2026-06-20 14:52:14.412301 ==============================================================================
2026-06-20 14:52:14.416890 Tests
2026-06-20 14:52:14.417005 ==============================================================================
2026-06-20 14:52:14.417023 Tests.NEGATIVE
2026-06-20 14:52:14.418365 ==============================================================================
2026-06-20 14:52:14.664143 Tests.NEGATIVE.TC-NEG-02
2026-06-20 14:52:14.673203 ==============================================================================
2026-06-20 14:52:22.463045 [ WARN ] Keyword 'Capture Page Screenshot' could not be run on failure: Message: invalid session id
2026-06-20 14:52:22.525287 Stacktrace:
2026-06-20 14:52:22.592725 	chromedriver!GetHandleVerifier [0x7ff79c4c3fa5+14925]
2026-06-20 14:52:22.651359 	chromedriver!GetHandleVerifier [0x7ff79c4c4000+14980]
2026-06-20 14:52:22.708415 	chromedriver!(No symbol) [0x7ff79c007726]
2026-06-20 14:52:22.772204 	chromedriver!(No symbol) [0x7ff79c053083]
2026-06-20 14:52:22.840353 	chromedriver!(No symbol) [0x7ff79c08a2d2]
2026-06-20 14:52:22.898450 	chromedriver!(No symbol) [0x7ff79c0840d2]
2026-06-20 14:52:22.983589 	chromedriver!(No symbol) [0x7ff79c083892]
2026-06-20 14:52:23.046988 	chromedriver!(No symbol) [0x7ff79bfd03e5]
2026-06-20 14:52:23.123126 	chromedriver!GetHandleVerifier [0x7ff79caa7591+5f7f11]
2026-06-20 14:52:23.175565 	chromedriver!GetHandleVerifier [0x7ff79caa1902+5f2282]
2026-06-20 14:52:23.230942 	chromedriver!GetHandleVerifier [0x7ff79cac7115+617a95]
2026-06-20 14:52:23.296987 	chromedriver!GetHandleVerifier [0x7ff79c4e1dce+3274e]
2026-06-20 14:52:23.356633 	chromedriver!GetHandleVerifier [0x7ff79c4ea82c+3b1ac]
2026-06-20 14:52:23.407157 	chromedriver!(No symbol) [0x7ff79bfcf188]
2026-06-20 14:52:23.468910 	chromedriver!GetHandleVerifier [0x7ff79cc77b58+7c84d8]
2026-06-20 14:52:23.526862 	KERNEL32!BaseThreadInitThunk [0x7ff86a57e957+17]
2026-06-20 14:52:23.584037 	ntdll!RtlUserThreadStart [0x7ff86c0c427c+2c]
2026-06-20 14:52:23.641172 
2026-06-20 14:52:24.620549 TC-NEG-02 Blank Transfer Amount :: Submit the transfer form withou... | FAIL |
2026-06-20 14:52:24.634825 InvalidSessionIdException: Message: invalid session id: session deleted as the browser has closed the connection
2026-06-20 14:52:24.634868 from disconnected: not connected to DevTools
2026-06-20 14:52:24.634898   (Session info: chrome=149.0.7827.103)
2026-06-20 14:52:24.634924 Stacktrace:
2026-06-20 14:52:24.634948 	chromedriver!GetHandleVerifier [0x7ff79c4c3fa5+14925]
2026-06-20 14:52:24.651804 	chromedriver!GetHandleVerifier [0x7ff79c4c4000+14980]
2026-06-20 14:52:24.651840 	chromedriver!(No symbol) [0x7ff79c00793d]
2026-06-20 14:52:24.651855 	chromedriver!(No symbol) [0x7ff79bff2d82]
2026-06-20 14:52:24.651867 	chromedriver!(No symbol) [0x7ff79c0190cc]
2026-06-20 14:52:24.651880 	chromedriver!(No symbol) [0x7ff79c091aa0]
2026-06-20 14:52:24.651892 	chromedriver!(No symbol) [0x7ff79c0aec82]
2026-06-20 14:52:24.651904 	chromedriver!(No symbol) [0x7ff79c05401c]
2026-06-20 14:52:24.651915 	chromedriver!(No symbol) [0x7ff79c054f43]
2026-06-20 14:52:24.651928 	chromedriver!GetHandleVerifier [0x7ff79caa7591+5f7f11]
2026-06-20 14:52:24.651940 	chromedriver!GetHandleVerifier [0x7ff79caa1902+5f2282]
2026-06-20 14:52:24.651952 	chromedriver!GetHandleVerifier [0x7ff79cac7115+617a95]
2026-06-20 14:52:24.651964 	chromedriver!GetHandleVerifier [0x7ff79c4e1dce+3274e]
2026-06-20 14:52:24.651976 	chromedriver!GetHandleVerifier [0x7ff79c4ea82c+3b1ac]
2026-06-20 14:52:24.651989 	chromedriver!GetHandleVerifier [0x7ff79c4cd744+1e0c4]
2026-06-20 14:52:24.652001 	chromedriver!GetHandleVerifier [0x7ff79c4cd8d4+1e254]
2026-06-20 14:52:24.652013 	chromedriver!GetHandleVerifier [0x7ff79c4b1447+1dc7]
2026-06-20 14:52:24.652026 	KERNEL32!BaseThreadInitThunk [0x7ff86a57e957+17]
2026-06-20 14:52:24.652038 	ntdll!RtlUserThreadStart [0x7ff86c0c427c+2c]
2026-06-20 14:52:24.652050 ------------------------------------------------------------------------------
2026-06-20 14:52:24.652064 Tests.NEGATIVE.TC-NEG-02                                              | FAIL |
2026-06-20 14:52:24.652077 1 test, 0 passed, 1 failed
2026-06-20 14:52:24.652090 ==============================================================================
2026-06-20 14:52:24.652104 Tests.NEGATIVE                                                        | FAIL |
2026-06-20 14:52:24.652116 1 test, 0 passed, 1 failed
2026-06-20 14:52:24.652129 ==============================================================================
2026-06-20 14:52:24.652141 Tests                                                                 | FAIL |
2026-06-20 14:52:24.652153 1 test, 0 passed, 1 failed
2026-06-20 14:52:24.652165 ==============================================================================
2026-06-20 14:52:24.652177 Output:  D:\parabank\reports\pabot_results\15\output.xml
