==============================================================================
Tests
==============================================================================
Tests.01 UI
==============================================================================
Tests.01 UI.TC-UI-07
==============================================================================
TC-UI-07 Verify Transfer Success Message :: Verify that the transf... Available Accounts: []
Available Accounts: ['13344', '13455', '13566', '13899', '14121', '14232', '14343', '14454', '14565', '14676', '14787', '14898', '15009', '15120', '15231', '15342', '15453', '15564', '15675', '15786', '16008', '16119', '16230', '16341', '16563']
New account number: 16674
Available Accounts: ['13344', '13455', '13566', '13899', '14121', '14232', '14343', '14454', '14565', '14676', '14787', '14898', '15009', '15120', '15231', '15342', '15453', '15564', '15675', '15786', '16008', '16119', '16230', '16341', '16563', '16674']
Available Accounts: ['13344', '13455', '13566', '13899', '14121', '14232', '14343', '14454', '14565', '14676', '14787', '14898', '15009', '15120', '15231', '15342', '15453', '15564', '15675', '15786', '16008', '16119', '16230', '16341', '16563', '16674']
From Accounts: 13344
To Accounts: 13455
| PASS |
------------------------------------------------------------------------------
Tests.01 UI.TC-UI-07                                                  | PASS |
1 test, 1 passed, 0 failed
==============================================================================
Tests.01 UI                                                           | PASS |
1 test, 1 passed, 0 failed
==============================================================================
Tests                                                                 | PASS |
1 test, 1 passed, 0 failed
==============================================================================
Output:  D:\parabank\reports\pabot_results\6\output.xml
