2026-06-20 13:45:42.882449 ==============================================================================
2026-06-20 13:45:42.899665 Tests
2026-06-20 13:45:42.899785 ==============================================================================
2026-06-20 13:45:42.899850 Tests.01 UI
2026-06-20 13:45:42.900526 ==============================================================================
2026-06-20 13:45:43.024354 Tests.01 UI.TC-UI-07
2026-06-20 13:45:43.060999 ==============================================================================
2026-06-20 13:45:55.016740 TC-UI-07 Verify Transfer Success Message :: Verify that the transf... Available Accounts: []
2026-06-20 13:45:56.471057 Available Accounts: ['13344', '13455', '13566', '13899', '14121', '14232', '14343', '14454', '14565', '14676', '14787', '14898', '15009', '15120', '15231', '15342', '15453', '15564', '15675', '15786', '16008', '16119', '16230', '16341', '16563']
2026-06-20 13:45:57.305614 New account number: 16674
2026-06-20 13:46:00.045682 Available Accounts: ['13344', '13455', '13566', '13899', '14121', '14232', '14343', '14454', '14565', '14676', '14787', '14898', '15009', '15120', '15231', '15342', '15453', '15564', '15675', '15786', '16008', '16119', '16230', '16341', '16563', '16674']
2026-06-20 13:46:00.747874 Available Accounts: ['13344', '13455', '13566', '13899', '14121', '14232', '14343', '14454', '14565', '14676', '14787', '14898', '15009', '15120', '15231', '15342', '15453', '15564', '15675', '15786', '16008', '16119', '16230', '16341', '16563', '16674']
2026-06-20 13:46:01.466162 From Accounts: 13344
2026-06-20 13:46:01.516045 To Accounts: 13455
2026-06-20 13:46:08.228506 | PASS |
2026-06-20 13:46:08.234200 ------------------------------------------------------------------------------
2026-06-20 13:46:08.234221 Tests.01 UI.TC-UI-07                                                  | PASS |
2026-06-20 13:46:08.237164 1 test, 1 passed, 0 failed
2026-06-20 13:46:08.237176 ==============================================================================
2026-06-20 13:46:08.237183 Tests.01 UI                                                           | PASS |
2026-06-20 13:46:08.237543 1 test, 1 passed, 0 failed
2026-06-20 13:46:08.237563 ==============================================================================
2026-06-20 13:46:08.237577 Tests                                                                 | PASS |
2026-06-20 13:46:08.238386 1 test, 1 passed, 0 failed
2026-06-20 13:46:08.238406 ==============================================================================
2026-06-20 13:46:08.238421 Output:  D:\parabank\reports\pabot_results\6\output.xml
