==============================================================================
Tests
==============================================================================
Tests.E2E
==============================================================================
Tests.E2E.TC-E2E-01
==============================================================================
TC-E2E-01 Create Account and Verify via API :: Verify that account... Available Accounts: ['12345', '12456', '12567', '12678', '12789', '12900', '13011', '13122', '13233', '13344', '13566', '13677', '13899', '14454', '14565', '14676', '15009', '15342', '15786', '15897', '16341', '16563', '18117', '18228', '18339', '18450', '18561', '18672', '18783', '18894', '19005', '19116', '19227', '19338', '19449', '19560', '19671', '19893', '20004', '20115', '20226', '20337', '20448', '20559', '20670', '20781', '20892', '21003', '21336', '21558', '21669', '21780', '21891', '22002', '22113', '54321']
New account number: 22446
{'id': 22446, 'customerId': 12212, 'type': 'CHECKING', 'balance': 100.0}
| PASS |
------------------------------------------------------------------------------
Tests.E2E.TC-E2E-01                                                   | PASS |
1 test, 1 passed, 0 failed
==============================================================================
Tests.E2E                                                             | PASS |
1 test, 1 passed, 0 failed
==============================================================================
Tests                                                                 | PASS |
1 test, 1 passed, 0 failed
==============================================================================
Output:  D:\parabank\reports\pabot_results\11\output.xml
