2026-06-20 14:16:45.463208 ==============================================================================
2026-06-20 14:16:45.482864 Tests
2026-06-20 14:16:45.482977 ==============================================================================
2026-06-20 14:16:45.483044 Tests.E2E
2026-06-20 14:16:45.483869 ==============================================================================
2026-06-20 14:16:45.767918 Tests.E2E.TC-E2E-01
2026-06-20 14:16:45.784339 ==============================================================================
2026-06-20 14:17:00.964628 TC-E2E-01 Create Account and Verify via API :: Verify that account... Available Accounts: ['12345', '12456', '12567', '12678', '12789', '12900', '13011', '13122', '13233', '13344', '13566', '13677', '13899', '14454', '14565', '14676', '15009', '15342', '15786', '15897', '16341', '16563', '18117', '18228', '18339', '18450', '18561', '18672', '18783', '18894', '19005', '19116', '19227', '19338', '19449', '19560', '19671', '19893', '20004', '20115', '20226', '20337', '20448', '20559', '20670', '20781', '20892', '21003', '21336', '21558', '21669', '21780', '21891', '22002', '22113', '54321']
2026-06-20 14:17:02.171762 New account number: 22446
2026-06-20 14:17:03.826445 {'id': 22446, 'customerId': 12212, 'type': 'CHECKING', 'balance': 100.0}
2026-06-20 14:17:03.826445 C:\Users\mridu\AppData\Local\Python\pythoncore-3.14-64\Lib\site-packages\urllib3\connectionpool.py:1097: InsecureRequestWarning: Unverified HTTPS request is being made to host 'parabank.parasoft.com'. Adding certificate verification is strongly advised. See: https://urllib3.readthedocs.io/en/latest/advanced-usage.html#tls-warnings
2026-06-20 14:17:03.855444   warnings.warn(
2026-06-20 14:17:12.626217 | PASS |
2026-06-20 14:17:12.628794 ------------------------------------------------------------------------------
2026-06-20 14:17:12.628819 Tests.E2E.TC-E2E-01                                                   | PASS |
2026-06-20 14:17:12.636100 1 test, 1 passed, 0 failed
2026-06-20 14:17:12.636125 ==============================================================================
2026-06-20 14:17:12.636143 Tests.E2E                                                             | PASS |
2026-06-20 14:17:12.637174 1 test, 1 passed, 0 failed
2026-06-20 14:17:12.638159 ==============================================================================
2026-06-20 14:17:12.638178 Tests                                                                 | PASS |
2026-06-20 14:17:12.638635 1 test, 1 passed, 0 failed
2026-06-20 14:17:12.638655 ==============================================================================
2026-06-20 14:17:12.638669 Output:  D:\parabank\reports\pabot_results\11\output.xml
