2026-06-20 13:45:48.125875 ==============================================================================
2026-06-20 13:45:48.179009 Tests
2026-06-20 13:45:48.179078 ==============================================================================
2026-06-20 13:45:48.179116 Tests.E2E
2026-06-20 13:45:48.180896 ==============================================================================
2026-06-20 13:45:48.420216 Tests.E2E.TC-E2E-02
2026-06-20 13:45:48.456078 ==============================================================================
2026-06-20 13:46:00.284666 TC-E2E-02 Open Savings Account and Verify via API :: Create saving... Available Accounts: []
2026-06-20 13:46:01.869372 Available Accounts: ['13344', '13455', '13566', '13899', '14121', '14232', '14343', '14454', '14565', '14676', '14787', '14898', '15009', '15120', '15231', '15342', '15453', '15564', '15675', '15786', '16008', '16119', '16230', '16341', '16563', '16674']
2026-06-20 13:46:02.720584 New account number: 16896
2026-06-20 13:46:03.246202 {'id': 16896, 'customerId': 12212, 'type': 'SAVINGS', 'balance': 100.0}
2026-06-20 13:46:03.246202 C:\Users\mridu\AppData\Local\Python\pythoncore-3.14-64\Lib\site-packages\urllib3\connectionpool.py:1097: InsecureRequestWarning: Unverified HTTPS request is being made to host 'parabank.parasoft.com'. Adding certificate verification is strongly advised. See: https://urllib3.readthedocs.io/en/latest/advanced-usage.html#tls-warnings
2026-06-20 13:46:03.266610   warnings.warn(
2026-06-20 13:46:10.833821 | PASS |
2026-06-20 13:46:10.835956 ------------------------------------------------------------------------------
2026-06-20 13:46:10.835979 Tests.E2E.TC-E2E-02                                                   | PASS |
2026-06-20 13:46:10.841392 1 test, 1 passed, 0 failed
2026-06-20 13:46:10.841405 ==============================================================================
2026-06-20 13:46:10.841413 Tests.E2E                                                             | PASS |
2026-06-20 13:46:10.841419 1 test, 1 passed, 0 failed
2026-06-20 13:46:10.841425 ==============================================================================
2026-06-20 13:46:10.841431 Tests                                                                 | PASS |
2026-06-20 13:46:10.841437 1 test, 1 passed, 0 failed
2026-06-20 13:46:10.841443 ==============================================================================
2026-06-20 13:46:10.841449 Output:  D:\parabank\reports\pabot_results\12\output.xml
