==============================================================================
Tests
==============================================================================
Tests.E2E
==============================================================================
Tests.E2E.TC-E2E-02
==============================================================================
TC-E2E-02 Open Savings Account and Verify via API :: Create saving... Available Accounts: []
Available Accounts: ['12345', '12456', '12567', '12678', '12789', '12900', '13011', '13122', '13233', '13344', '13677', '13788', '14121', '14232', '14343', '14454', '14676', '54321']
New account number: 14898
{'id': 14898, 'customerId': 12212, 'type': 'SAVINGS', 'balance': 100.0}
| PASS |
------------------------------------------------------------------------------
Tests.E2E.TC-E2E-02                                                   | PASS |
1 test, 1 passed, 0 failed
==============================================================================
Tests.E2E                                                             | PASS |
1 test, 1 passed, 0 failed
==============================================================================
Tests                                                                 | PASS |
1 test, 1 passed, 0 failed
==============================================================================
Output:  D:\parabank\reports\pabot_results\12\output.xml
