==============================================================================
Tests
==============================================================================
Tests.01 UI
==============================================================================
Tests.01 UI.TC-UI-06
==============================================================================
TC-UI-06 Verify Account Creation Success Message :: Verify that th... | FAIL |
Element with locator 'xpath=//input[@name="username"]' not found.
------------------------------------------------------------------------------
Tests.01 UI.TC-UI-06                                                  | FAIL |
1 test, 0 passed, 1 failed
==============================================================================
Tests.01 UI                                                           | FAIL |
1 test, 0 passed, 1 failed
==============================================================================
Tests                                                                 | FAIL |
1 test, 0 passed, 1 failed
==============================================================================
Output:  D:\parabank\reports\pabot_results\5\output.xml
