2026-06-20 14:16:36.328195 ==============================================================================
2026-06-20 14:16:36.381077 Tests
2026-06-20 14:16:36.381138 ==============================================================================
2026-06-20 14:16:36.381157 Tests.01 UI
2026-06-20 14:16:36.382217 ==============================================================================
2026-06-20 14:16:36.561169 Tests.01 UI.TC-UI-06
2026-06-20 14:16:36.621551 ==============================================================================
2026-06-20 14:16:52.398336 TC-UI-06 Verify Account Creation Success Message :: Verify that th... Available Accounts: ['12345', '12456', '12567', '12678', '12789', '12900', '13011', '13122', '13233', '13344', '13566', '13677', '13899', '14454', '14565', '14676', '15009', '15342', '15786', '15897', '16341', '16563', '18117', '18228', '18339', '18450', '18561', '18672', '18783', '18894', '19005', '19116', '19227', '19338', '19449', '19560', '19671', '19893', '20004', '20115', '20226', '20337', '20448', '20559', '20670', '20781', '20892', '21003', '21336', '21558', '21669', '21780', '21891', '22002', '54321']
2026-06-20 14:16:54.195376 New account number: 22113
2026-06-20 14:17:02.339932 | PASS |
2026-06-20 14:17:02.359527 ------------------------------------------------------------------------------
2026-06-20 14:17:02.359561 Tests.01 UI.TC-UI-06                                                  | PASS |
2026-06-20 14:17:02.371880 1 test, 1 passed, 0 failed
2026-06-20 14:17:02.372300 ==============================================================================
2026-06-20 14:17:02.372356 Tests.01 UI                                                           | PASS |
2026-06-20 14:17:02.377077 1 test, 1 passed, 0 failed
2026-06-20 14:17:02.377259 ==============================================================================
2026-06-20 14:17:02.377435 Tests                                                                 | PASS |
2026-06-20 14:17:02.380134 1 test, 1 passed, 0 failed
2026-06-20 14:17:02.380191 ==============================================================================
2026-06-20 14:17:02.380260 Output:  D:\parabank\reports\pabot_results\5\output.xml
