==============================================================================
Tests
==============================================================================
Tests.API
==============================================================================
Tests.API.TC-API-02
==============================================================================
TC-API-02 Verify Specific Account Details :: Verify GET account de... {"id":13344,"customerId":12212,"type":"CHECKING","balance":2522.93}
| PASS |
------------------------------------------------------------------------------
Tests.API.TC-API-02                                                   | PASS |
1 test, 1 passed, 0 failed
==============================================================================
Tests.API                                                             | PASS |
1 test, 1 passed, 0 failed
==============================================================================
Tests                                                                 | PASS |
1 test, 1 passed, 0 failed
==============================================================================
Output:  D:\parabank\reports\pabot_results\8\output.xml
