2026-06-20 13:45:45.747987 ==============================================================================
2026-06-20 13:45:45.757839 Tests
2026-06-20 13:45:45.757929 ==============================================================================
2026-06-20 13:45:45.757962 Tests.API
2026-06-20 13:45:45.758819 ==============================================================================
2026-06-20 13:45:45.870939 Tests.API.TC-API-02
2026-06-20 13:45:45.912213 ==============================================================================
2026-06-20 13:45:46.333221 TC-API-02 Verify Specific Account Details :: Verify GET account de... {"id":13344,"customerId":12212,"type":"CHECKING","balance":2522.93}
2026-06-20 13:45:46.333221 C:\Users\mridu\AppData\Local\Python\pythoncore-3.14-64\Lib\site-packages\urllib3\connectionpool.py:1097: InsecureRequestWarning: Unverified HTTPS request is being made to host 'parabank.parasoft.com'. Adding certificate verification is strongly advised. See: https://urllib3.readthedocs.io/en/latest/advanced-usage.html#tls-warnings
2026-06-20 13:45:46.379330 | PASS |
2026-06-20 13:45:46.379330   warnings.warn(
2026-06-20 13:45:46.381356 ------------------------------------------------------------------------------
2026-06-20 13:45:46.381392 Tests.API.TC-API-02                                                   | PASS |
2026-06-20 13:45:46.383127 1 test, 1 passed, 0 failed
2026-06-20 13:45:46.383163 ==============================================================================
2026-06-20 13:45:46.383426 Tests.API                                                             | PASS |
2026-06-20 13:45:46.383458 1 test, 1 passed, 0 failed
2026-06-20 13:45:46.383474 ==============================================================================
2026-06-20 13:45:46.383487 Tests                                                                 | PASS |
2026-06-20 13:45:46.383636 1 test, 1 passed, 0 failed
2026-06-20 13:45:46.383654 ==============================================================================
2026-06-20 13:45:46.383670 Output:  D:\parabank\reports\pabot_results\8\output.xml
