2026-06-20 14:51:09.973943 ==============================================================================
2026-06-20 14:51:10.032393 Tests
2026-06-20 14:51:10.032525 ==============================================================================
2026-06-20 14:51:10.032564 Tests.01 UI
2026-06-20 14:51:10.033628 ==============================================================================
2026-06-20 14:51:10.147738 Tests.01 UI.TC-UI-02
2026-06-20 14:51:10.213418 ==============================================================================
2026-06-20 14:51:27.059557 TC-UI-02 Successful Login to ParaBank :: Test user login with vali... | FAIL |
2026-06-20 14:51:27.115033 Element with locator 'xpath=//input[@name="username"]' not found.
2026-06-20 14:51:27.115075 ------------------------------------------------------------------------------
2026-06-20 14:51:27.115104 Tests.01 UI.TC-UI-02                                                  | FAIL |
2026-06-20 14:51:27.123708 1 test, 0 passed, 1 failed
2026-06-20 14:51:27.124464 ==============================================================================
2026-06-20 14:51:27.125040 Tests.01 UI                                                           | FAIL |
2026-06-20 14:51:27.125902 1 test, 0 passed, 1 failed
2026-06-20 14:51:27.125960 ==============================================================================
2026-06-20 14:51:27.129643 Tests                                                                 | FAIL |
2026-06-20 14:51:27.131368 1 test, 0 passed, 1 failed
2026-06-20 14:51:27.131739 ==============================================================================
2026-06-20 14:51:27.131782 Output:  D:\parabank\reports\pabot_results\1\output.xml
